Reading file ass3r.pls ....Please wait

Printing input buffer parameters:

The capacity of the buffer is:  447
The current size of the buffer is:  447

Printing input buffer contents:

!!This is a syntactically correct PLATYPUS program
!!Weiler's law:
!!"Nothing is impossible for the man who doesn't have to do it himself."
!!"Parsing is passing." S^R & Compilers' law

PLATYPUS{
 a=-0x1;
 b=+0.;
 READ(c);
 READ(d,e,f);
 c=((d+e)/a)*f-(((d-e)*a)/f);
 WHILE TRUE(a<>b .OR. c==d .AND. e<f .OR. a>0)REPEAT{
   IF TRUE(a==1 .AND. b==0.0)THEN{
    c=-(5.9);
   }ELSE {c=-c;};  
 };   
 WRITE();
 WRITE("Results: ");
 WRITE(d,e,f,a);
}ÿ

Parsing the source file...

PLATY: variable_list_prime parsed
PLATY: Input statement parsed
PLATY: variable_list_prime parsed
PLATY: Input statement parsed
PLATY: multiplicative_arithmetic_expression_prime parsed
PLATY: multiplicative_arithmetic_expression_prime parsed
PLATY: additive_arithmetic_expression_prime parsed
PLATY: multiplicative_arithmetic_expression_prime parsed
PLATY: additive_arithmetic_expression_prime parsed
PLATY: multiplicative_arithmetic_expression_prime parsed
PLATY: multiplicative_arithmetic_expression_prime parsed
PLATY: multiplicative_arithmetic_expression_prime parsed
PLATY: additive_arithmetic_expression_prime parsed
PLATY: multiplicative_arithmetic_expression_prime parsed
PLATY: additive_arithmetic_expression_prime parsed
PLATY: multiplicative_arithmetic_expression_prime parsed
PLATY: additive_arithmetic_expression_prime parsed
PLATY: multiplicative_arithmetic_expression_prime parsed
PLATY: additive_arithmetic_expression_prime parsed
PLATY: Syntax error:  Line: 12
*****  Token code: 12 Attribute: NA
PLATY: Syntax error:  Line: 12
*****  Token code: 11 Attribute: 1
PLATY: Syntax error:  Line: 12
*****  Token code: 11 Attribute: 1
PLATY: logical_AND_expression_prime parsed
PLATY: logical_AND_expression_prime parsed
PLATY: logical_AND_expression_prime parsed
PLATY: logical_AND_expression_prime parsed
PLATY: logical_OR_expression_prime parsed
PLATY: Syntax error:  Line: 13
*****  Token code: 12 Attribute: NA
PLATY: logical_AND_expression_prime parsed
PLATY: logical_AND_expression_prime parsed
PLATY: logical_OR_expression_prime parsed
PLATY: multiplicative_arithmetic_expression_prime parsed
PLATY: additive_arithmetic_expression_prime parsed
PLATY: statements_prime parsed
PLATY: statements_prime parsed
PLATY: statements_prime parsed
PLATY: output_statement_argument parsed
PLATY: variable_list_prime parsed
PLATY: statements_prime parsed
PLATY: Program parsed
PLATY: Source file parsed

Syntax errors: 2

Collecting garbage...
